<?xml version="1.0" encoding="UTF-8"?>
<!-- Generated by org.testng.reporters.JUnitReportReporter -->
<testsuite skipped="0" hostname="DESKTOP-TBQOJQQ" name="module6.Scenario3" tests="2" failures="0" timestamp="17 Feb 2019 15:50:07 GMT" time="11.481" errors="0">
  <testcase name="login_TestCase" time="5.959" classname="module6.Scenario3"/>
  <testcase name="login_TestCase" time="5.522" classname="module6.Scenario3"/>
</testsuite> <!-- module6.Scenario3 -->
