<?xml version="1.0" encoding="UTF-8"?>
<!-- Generated by org.testng.reporters.JUnitReportReporter -->
<testsuite skipped="0" hostname="DESKTOP-TBQOJQQ" name="module6.Sequencing" tests="5" failures="0" timestamp="16 Feb 2019 16:46:34 GMT" time="0.069" errors="0">
  <testcase name="Tavish" time="0.005" classname="module6.Sequencing"/>
  <testcase name="Kalaivani" time="0.015" classname="module6.Sequencing"/>
  <testcase name="Shifali" time="0.010" classname="module6.Sequencing"/>
  <testcase name="Jacob" time="0.033" classname="module6.Sequencing"/>
  <testcase name="Namrata" time="0.006" classname="module6.Sequencing"/>
</testsuite> <!-- module6.Sequencing -->
