<?xml version="1.0" encoding="UTF-8"?>
<!-- Generated by org.testng.reporters.JUnitReportReporter -->
<testsuite skipped="0" hostname="DESKTOP-TBQOJQQ" name="module6.Annotations" tests="3" failures="0" timestamp="16 Feb 2019 16:20:31 GMT" time="0.043" errors="0">
  <testcase name="Test1" time="0.009" classname="module6.Annotations"/>
  <testcase name="Test" time="0.010" classname="module6.Annotations"/>
  <testcase name="Test2" time="0.024" classname="module6.Annotations"/>
</testsuite> <!-- module6.Annotations -->
