<?xml version="1.0" encoding="UTF-8"?>
<!-- Generated by org.testng.reporters.JUnitReportReporter -->
<testsuite skipped="0" hostname="DESKTOP-TBQOJQQ" name="module6.Grouping" tests="6" failures="0" timestamp="16 Feb 2019 17:47:20 GMT" time="0.047" errors="0">
  <testcase name="TC7" time="0.017" classname="module6.Grouping"/>
  <testcase name="TC4" time="0.002" classname="module6.Grouping"/>
  <testcase name="TC1" time="0.015" classname="module6.Grouping"/>
  <testcase name="TC5" time="0.005" classname="module6.Grouping"/>
  <testcase name="TC8" time="0.006" classname="module6.Grouping"/>
  <testcase name="TC9" time="0.002" classname="module6.Grouping"/>
</testsuite> <!-- module6.Grouping -->
