<?xml version="1.0" encoding="UTF-8"?>
<!-- Generated by org.testng.reporters.JUnitReportReporter -->
<testsuite skipped="0" hostname="DESKTOP-TBQOJQQ" name="module6.Dependency" tests="3" failures="0" timestamp="16 Feb 2019 17:07:35 GMT" time="22.195" errors="0">
  <testcase name="Logout" time="5.163" classname="module6.Dependency"/>
  <testcase name="Login" time="8.844" classname="module6.Dependency"/>
  <testcase name="OpenApp" time="8.188" classname="module6.Dependency"/>
</testsuite> <!-- module6.Dependency -->
