<?xml version="1.0" encoding="UTF-8"?>
<!-- Generated by org.testng.reporters.JUnitReportReporter -->
<testsuite skipped="0" hostname="DESKTOP-TBQOJQQ" name="module9.DDT" tests="10" failures="0" timestamp="24 Feb 2019 16:16:15 GMT" time="57.281" errors="0">
  <testcase name="TestAUT" time="5.730" classname="module9.DDT"/>
  <testcase name="TestAUT" time="5.754" classname="module9.DDT"/>
  <testcase name="TestAUT" time="5.670" classname="module9.DDT"/>
  <testcase name="TestAUT" time="5.679" classname="module9.DDT"/>
  <testcase name="TestAUT" time="5.714" classname="module9.DDT"/>
  <testcase name="TestAUT" time="6.106" classname="module9.DDT"/>
  <testcase name="TestAUT" time="5.628" classname="module9.DDT"/>
  <testcase name="TestAUT" time="5.697" classname="module9.DDT"/>
  <testcase name="TestAUT" time="5.641" classname="module9.DDT"/>
  <testcase name="TestAUT" time="5.662" classname="module9.DDT"/>
</testsuite> <!-- module9.DDT -->
