<?xml version="1.0" encoding="UTF-8"?>
<!-- Generated by org.testng.reporters.JUnitReportReporter -->
<testsuite skipped="1" hostname="DESKTOP-TBQOJQQ" name="module6.DisableEnable" tests="5" failures="0" timestamp="16 Feb 2019 17:28:30 GMT" time="0.026" errors="0">
  <testcase name="Jacob" time="0.021" classname="module6.DisableEnable"/>
  <testcase name="Shifali" time="0.002" classname="module6.DisableEnable"/>
  <testcase name="Kalaivani" time="0.001" classname="module6.DisableEnable"/>
  <testcase name="Tavish" time="0.002" classname="module6.DisableEnable"/>
  <testcase name="Namrata" classname="module6.DisableEnable">
    <skipped/>
  </testcase> <!-- Namrata -->
</testsuite> <!-- module6.DisableEnable -->
