<?xml version="1.0" encoding="UTF-8"?>
<!-- Generated by org.testng.reporters.JUnitReportReporter -->
<testsuite skipped="0" hostname="DESKTOP-TBQOJQQ" name="module7.GridExampleTest" tests="1" failures="0" timestamp="17 Feb 2019 17:21:11 GMT" time="14.832" errors="0">
  <testcase name="testGooglePageTitle" time="14.832" classname="module7.GridExampleTest"/>
</testsuite> <!-- module7.GridExampleTest -->
